+ cargo tauri build
        Info Looking up installed tauri packages to check mismatched versions...
   Compiling regex-automata v0.4.14
   Compiling selectors v0.36.1
   Compiling objc2 v0.6.4
   Compiling schemars_derive v0.8.22
   Compiling html5ever v0.38.0
   Compiling time v0.3.47
   Compiling brotli-decompressor v5.0.0
   Compiling camino v1.2.2
   Compiling cfb v0.7.3
   Compiling form_urlencoded v1.2.2
   Compiling anyhow v1.0.102
   Compiling thiserror v2.0.18
   Compiling quick-xml v0.38.4
   Compiling dunce v1.0.5
   Compiling regex-syntax v0.8.10
   Compiling same-file v1.0.6
   Compiling dyn-clone v1.0.20
   Compiling foldhash v0.2.0
   Compiling value-bag v1.12.0
   Compiling bytes v1.11.1
   Compiling base64 v0.21.7
   Compiling regex v1.12.3
   Compiling base64 v0.22.1
   Compiling swift-rs v1.0.7
   Compiling http v1.4.0
   Compiling plist v1.7.4
   Compiling urlpattern v0.3.0
   Compiling log v0.4.29
   Compiling dom_query v0.27.0
   Compiling schemars v0.8.22
   Compiling walkdir v2.5.0
   Compiling cargo_metadata v0.19.0
   Compiling json-patch v3.0.1
   Compiling infer v0.19.0
   Compiling brotli v8.0.2
   Compiling idna v1.1.0
   Compiling serde-untagged v0.1.9
   Compiling crossbeam-utils v0.8.21
   Compiling serde_json v1.0.149
   Compiling ctor v0.8.0
   Compiling serde_with v3.16.1
   Compiling glob v0.3.3
   Compiling url v2.5.8
   Compiling getrandom v0.4.2
   Compiling mio v1.2.0
   Compiling socket2 v0.6.3
   Compiling libm v0.2.16
   Compiling futures-core v0.3.32
   Compiling equivalent v1.0.2
   Compiling tokio v1.52.3
   Compiling block2 v0.6.2
   Compiling objc2-core-foundation v0.3.2
   Compiling num-traits v0.2.19
   Compiling tauri-utils v2.9.2
   Compiling aho-corasick v1.1.4
   Compiling objc2-foundation v0.3.2
   Compiling uuid v1.23.1
   Compiling zstd-sys v2.0.16+zstd.1.5.7
   Compiling rustc_version v0.4.1
   Compiling thiserror v1.0.69
   Compiling generic-array v0.14.7
   Compiling ring v0.17.14
   Compiling toml_datetime v0.7.5+spec-1.1.0
   Compiling winnow v0.7.15
   Compiling futures-sink v0.3.32
   Compiling fnv v1.0.7
   Compiling option-ext v0.2.0
   Compiling dirs-sys v0.5.0
   Compiling toml v0.9.12+spec-1.1.0
   Compiling objc2-app-kit v0.3.2
   Compiling embed-resource v3.0.9
   Compiling crc32fast v1.5.0
   Compiling ahash v0.8.12
   Compiling crunchy v0.2.4
   Compiling heck v0.5.0
   Compiling simd-adler32 v0.3.9
   Compiling typenum v1.20.0
   Compiling zeroize v1.8.2
   Compiling rustls-pki-types v1.14.1
   Compiling tauri-winres v0.3.6
   Compiling cargo_toml v0.22.3
   Compiling dirs v6.0.0
   Compiling crossbeam-channel v0.5.15
   Compiling http-body v1.0.1
   Compiling ppv-lite86 v0.2.21
   Compiling rand_core v0.6.4
   Compiling typeid v1.0.3
   Compiling slab v0.4.12
   Compiling unic-common v0.9.0
   Compiling untrusted v0.9.0
   Compiling vcpkg v0.2.15
   Compiling unic-char-range v0.9.0
   Compiling httparse v1.10.1
   Compiling alloc-no-stdlib v2.0.4
   Compiling zstd-safe v7.2.4
   Compiling getrandom v0.3.4
   Compiling futures-task v0.3.32
   Compiling adler2 v2.0.1
   Compiling futures-io v0.3.32
   Compiling miniz_oxide v0.8.9
   Compiling futures-util v0.3.32
   Compiling libsqlite3-sys v0.30.1
   Compiling alloc-stdlib v0.2.2
   Compiling unic-char-property v0.9.0
   Compiling tauri-build v2.6.2
   Compiling unic-ucd-version v0.9.0
   Compiling rand_chacha v0.3.1
   Compiling erased-serde v0.4.10
   Compiling cookie v0.18.1
   Compiling dpi v0.1.2
   Compiling async-trait v0.1.89
   Compiling ownedbytes v0.7.0
   Compiling errno v0.3.14
   Compiling core-foundation-sys v0.8.7
   Compiling raw-window-handle v0.6.2
   Compiling rustls v0.23.40
   Compiling siphasher v1.0.3
   Compiling hashbrown v0.17.1
   Compiling try-lock v0.2.5
   Compiling tower-service v0.3.3
   Compiling winnow v1.0.3
   Compiling want v0.3.1
   Compiling phf_shared v0.13.1
   Compiling tantivy-common v0.7.0
   Compiling toml_parser v1.0.10+spec-1.1.0
   Compiling core-foundation v0.10.1
   Compiling indexmap v2.14.0
   Compiling rustls-webpki v0.103.13
   Compiling bitpacking v0.9.3
   Compiling rand v0.8.6
   Compiling hashbrown v0.14.5
   Compiling flate2 v1.1.9
   Compiling unic-ucd-ident v0.9.0
   Compiling block-buffer v0.10.4
   Compiling crypto-common v0.1.7
   Compiling fdeflate v0.3.7
   Compiling futures-channel v0.3.32
   Compiling jsonptr v0.6.3
   Compiling crossbeam-epoch v0.9.18
   Compiling tracing-core v0.1.36
   Compiling foreign-types-macros v0.2.3
   Compiling toml_datetime v1.0.1+spec-1.1.0
   Compiling serde_spanned v1.0.4
   Compiling rustix v1.1.4
   Compiling rustix v0.38.44
   Compiling subtle v2.6.1
   Compiling utf8-ranges v1.0.5
   Compiling foreign-types-shared v0.3.1
   Compiling either v1.16.0
   Compiling mime v0.3.17
   Compiling bitflags v1.3.2
   Compiling toml_writer v1.0.7+spec-1.1.0
   Compiling atomic-waker v1.1.2
   Compiling rustversion v1.0.22
   Compiling rayon-core v1.13.0
   Compiling unicase v2.9.0
   Compiling mime_guess v2.0.5
   Compiling toml v1.0.7+spec-1.1.0
   Compiling hyper v1.9.0
   Compiling png v0.17.16
   Compiling foreign-types v0.5.0
   Compiling tantivy-fst v0.5.0
   Compiling tracing v0.1.44
   Compiling tantivy-bitpacker v0.6.0
   Compiling crossbeam-deque v0.8.6
   Compiling digest v0.10.7
   Compiling hashlink v0.9.1
   Compiling rand_distr v0.4.3
   Compiling core-graphics-types v0.2.0
   Compiling phf v0.13.1
   Compiling tauri v2.11.2
   Compiling objc2-web-kit v0.3.2
   Compiling sync_wrapper v1.0.2
   Compiling cpufeatures v0.2.17
   Compiling foldhash v0.1.5
   Compiling fallible-streaming-iterator v0.1.9
   Compiling ipnet v2.12.0
   Compiling semver v1.0.28
   Compiling wry v0.55.1
   Compiling murmurhash32 v0.3.1
   Compiling tauri-runtime v2.11.2
   Compiling allocator-api2 v0.2.21
   Compiling tower-layer v0.3.3
   Compiling fallible-iterator v0.3.0
   Compiling minimal-lexical v0.2.1
   Compiling nom v7.1.3
   Compiling hashbrown v0.15.5
   Compiling tower v0.5.3
   Compiling tantivy-stacker v0.3.0
   Compiling hyper-util v0.1.20
   Compiling sha2 v0.10.9
   Compiling core-graphics v0.25.0
   Compiling tokio-rustls v0.26.4
   Compiling zstd v0.13.3
   Compiling tantivy-sstable v0.3.0
   Compiling ico v0.5.0
   Compiling itertools v0.12.1
   Compiling webpki-roots v1.0.7
   Compiling tauri-plugin v2.6.2
   Compiling dispatch2 v0.3.1
   Compiling instant v0.1.13
   Compiling shared v0.1.0 (/Users/huyingjie/dev/rust-demos/text-search-tool/crates/shared)
   Compiling fastdivide v0.4.2
   Compiling fastrand v2.4.1
   Compiling downcast-rs v1.2.1
   Compiling rust_decimal v1.42.0
   Compiling ryu v1.0.23
   Compiling unicode-segmentation v1.12.0
   Compiling tauri-runtime-wry v2.11.2
   Compiling keyboard-types v0.7.0
   Compiling serde_urlencoded v0.7.1
   Compiling tantivy-columnar v0.3.0
   Compiling tempfile v3.27.0
   Compiling measure_time v0.8.3
   Compiling tauri-plugin-log v2.8.0
   Compiling tao v0.35.2
   Compiling png v0.18.1
   Compiling hyper-rustls v0.27.9
   Compiling arc-swap v1.9.1
   Compiling tauri-codegen v2.6.2
   Compiling fs4 v0.8.4
   Compiling rayon v1.12.0
   Compiling tantivy-query-grammar v0.22.0
   Compiling tower-http v0.6.11
   Compiling rusqlite v0.32.1
   Compiling lru v0.12.5
   Compiling http-body-util v0.1.3
   Compiling rust-stemmers v1.2.0
   Compiling sketches-ddsketch v0.2.2
   Compiling tantivy-tokenizer-api v0.3.0
   Compiling serialize-to-javascript-impl v0.1.2
   Compiling storage v0.1.0 (/Users/huyingjie/dev/rust-demos/text-search-tool/crates/storage)
   Compiling num_cpus v1.17.0
   Compiling memmap2 v0.9.10
   Compiling oneshot v0.1.13
   Compiling arrayvec v0.7.6
   Compiling lz4_flex v0.11.6
   Compiling rustc-hash v1.1.0
   Compiling levenshtein_automata v0.2.1
   Compiling htmlescape v0.3.1
   Compiling census v0.4.2
   Compiling tantivy v0.22.1
   Compiling serialize-to-javascript v0.1.2
   Compiling reqwest v0.12.28
   Compiling tauri-macros v2.6.2
   Compiling muda v0.19.2
   Compiling window-vibrancy v0.6.0
   Compiling serde_repr v0.1.20
   Compiling utf8-width v0.1.8
   Compiling embed_plist v1.2.2
   Compiling byte-unit v5.1.6
   Compiling crawler v0.1.0 (/Users/huyingjie/dev/rust-demos/text-search-tool/crates/crawler)
   Compiling app v0.1.0 (/Users/huyingjie/dev/rust-demos/text-search-tool/src-tauri)
   Compiling fern v0.7.1
   Compiling search-engine v0.1.0 (/Users/huyingjie/dev/rust-demos/text-search-tool/crates/search-engine)
   Compiling gui v0.1.0 (/Users/huyingjie/dev/rust-demos/text-search-tool/crates/gui)
    Finished `release` profile [optimized] target(s) in 1m 27s
       Built application at: /Users/huyingjie/dev/rust-demos/text-search-tool/target/release/app
    Bundling Text Search Tool.app (/Users/huyingjie/dev/rust-demos/text-search-tool/target/release/bundle/macos/Text Search Tool.app)
    Bundling Text Search Tool_0.1.0_aarch64.dmg (/Users/huyingjie/dev/rust-demos/text-search-tool/target/release/bundle/dmg/Text Search Tool_0.1.0_aarch64.dmg)
     Running bundle_dmg.sh
    Finished 2 bundles at:
        /Users/huyingjie/dev/rust-demos/text-search-tool/target/release/bundle/macos/Text Search Tool.app
        /Users/huyingjie/dev/rust-demos/text-search-tool/target/release/bundle/dmg/Text Search Tool_0.1.0_aarch64.dmg

